[2020-12-17 10:35:58.815] [exthost] [info] extension host started
[2020-12-17 10:35:59.124] [exthost] [info] ExtensionService#_doActivateExtension vscode.debug-auto-launch {"startup":true,"extensionId":{"value":"vscode.debug-auto-launch","_lower":"vscode.debug-auto-launch"},"activationEvent":"*"}
[2020-12-17 10:35:59.124] [exthost] [info] ExtensionService#loadCommonJSModule file:///home/ubuntu/.vscode-server/bin/940b5f4bb5fa47866a54529ed759d95d09ee80be/extensions/debug-auto-launch/dist/extension
[2020-12-17 10:35:59.130] [exthost] [info] ExtensionService#_doActivateExtension vscode.emmet {"startup":true,"extensionId":{"value":"vscode.emmet","_lower":"vscode.emmet"},"activationEvent":"*"}
[2020-12-17 10:35:59.130] [exthost] [info] ExtensionService#loadCommonJSModule file:///home/ubuntu/.vscode-server/bin/940b5f4bb5fa47866a54529ed759d95d09ee80be/extensions/emmet/dist/node/emmetNodeMain
[2020-12-17 10:35:59.163] [exthost] [info] ExtensionService#_doActivateExtension vscode.git {"startup":true,"extensionId":{"value":"vscode.github","_lower":"vscode.github"},"activationEvent":"*"}
[2020-12-17 10:35:59.163] [exthost] [info] ExtensionService#loadCommonJSModule file:///home/ubuntu/.vscode-server/bin/940b5f4bb5fa47866a54529ed759d95d09ee80be/extensions/git/dist/main
[2020-12-17 10:35:59.217] [exthost] [info] ExtensionService#_doActivateExtension vscode.merge-conflict {"startup":true,"extensionId":{"value":"vscode.merge-conflict","_lower":"vscode.merge-conflict"},"activationEvent":"*"}
[2020-12-17 10:35:59.217] [exthost] [info] ExtensionService#loadCommonJSModule file:///home/ubuntu/.vscode-server/bin/940b5f4bb5fa47866a54529ed759d95d09ee80be/extensions/merge-conflict/dist/mergeConflictMain
[2020-12-17 10:35:59.221] [exthost] [info] ExtensionService#_doActivateExtension vscode.search-result {"startup":true,"extensionId":{"value":"vscode.search-result","_lower":"vscode.search-result"},"activationEvent":"*"}
[2020-12-17 10:35:59.221] [exthost] [info] ExtensionService#loadCommonJSModule file:///home/ubuntu/.vscode-server/bin/940b5f4bb5fa47866a54529ed759d95d09ee80be/extensions/search-result/dist/extension.js
[2020-12-17 10:35:59.951] [exthost] [info] ExtensionService#_doActivateExtension vscode.github {"startup":true,"extensionId":{"value":"vscode.github","_lower":"vscode.github"},"activationEvent":"*"}
[2020-12-17 10:35:59.951] [exthost] [info] ExtensionService#loadCommonJSModule file:///home/ubuntu/.vscode-server/bin/940b5f4bb5fa47866a54529ed759d95d09ee80be/extensions/github/dist/extension.js
[2020-12-17 10:36:00.752] [exthost] [info] eager extensions activated
[2020-12-17 10:36:03.286] [exthost] [info] ExtensionService#_doActivateExtension ms-vscode.js-debug {"startup":false,"extensionId":{"value":"ms-vscode.js-debug","_lower":"ms-vscode.js-debug"},"activationEvent":"onCommand:extension.js-debug.clearAutoAttachVariables"}
[2020-12-17 10:36:03.286] [exthost] [info] ExtensionService#loadCommonJSModule file:///home/ubuntu/.vscode-server/bin/940b5f4bb5fa47866a54529ed759d95d09ee80be/extensions/ms-vscode.js-debug/src/extension.js
[2020-12-17 10:36:28.576] [exthost] [info] ExtensionService#_doActivateExtension onecentlin.laravel-blade {"startup":false,"extensionId":{"value":"onecentlin.laravel-blade","_lower":"onecentlin.laravel-blade"},"activationEvent":"onLanguage:blade"}
[2020-12-17 10:36:28.577] [exthost] [info] ExtensionService#loadCommonJSModule file:///home/ubuntu/.vscode-server/extensions/onecentlin.laravel-blade-1.25.0/out/extension
[2020-12-17 10:36:51.031] [exthost] [info] ExtensionService#_doActivateExtension vscode.php-language-features {"startup":false,"extensionId":{"value":"vscode.php-language-features","_lower":"vscode.php-language-features"},"activationEvent":"onLanguage:php"}
[2020-12-17 10:36:51.031] [exthost] [info] ExtensionService#loadCommonJSModule file:///home/ubuntu/.vscode-server/bin/940b5f4bb5fa47866a54529ed759d95d09ee80be/extensions/php-language-features/dist/phpMain
[2020-12-17 13:07:16.374] [exthost] [info] ExtensionService#_doActivateExtension vscode.html-language-features {"startup":false,"extensionId":{"value":"vscode.html-language-features","_lower":"vscode.html-language-features"},"activationEvent":"onLanguage:html"}
[2020-12-17 13:07:16.374] [exthost] [info] ExtensionService#loadCommonJSModule file:///home/ubuntu/.vscode-server/bin/940b5f4bb5fa47866a54529ed759d95d09ee80be/extensions/html-language-features/client/dist/node/htmlClientMain
