Looking for git in: git
Using git 2.25.1 from git
> git rev-parse --git-dir
Open repository: /home/ubuntu/laravel
> git status -z -u
> git symbolic-ref --short HEAD
> git rev-parse master
> git rev-parse --symbolic-full-name master@{u}
> git rev-list --left-right master...refs/remotes/origin/master
> git for-each-ref --sort -committerdate --format %(refname) %(objectname) %(*objectname)
> git remote --verbose
Warning: Failed to watch ref '/home/ubuntu/laravel/.git/refs/remotes/origin/master', is most likely packed.
> git config --get commit.template
> git check-ignore -v -z --stdin
> git show --textconv :src/database/migrations/2020_12_11_104322_create_tablesupplier_table.php
> git ls-files --stage -- /home/ubuntu/laravel/src/database/migrations/2020_12_11_104322_create_tablesupplier_table.php
> git check-ignore -v -z --stdin
> git check-ignore -v -z --stdin
> git show --textconv :src/database/migrations/2020_12_15_015848_create_pembelian_table.php
> git ls-files --stage -- /home/ubuntu/laravel/src/database/migrations/2020_12_15_015848_create_pembelian_table.php
> git show --textconv :src/database/migrations/2020_12_11_110421_create_tablekoki_table.php
> git ls-files --stage -- /home/ubuntu/laravel/src/database/migrations/2020_12_11_110421_create_tablekoki_table.php
> git show --textconv :src/database/migrations/2020_12_11_105843_create_tablebayar_table.php
> git ls-files --stage -- /home/ubuntu/laravel/src/database/migrations/2020_12_11_105843_create_tablebayar_table.php
> git show --textconv :src/database/migrations/2020_12_11_105535_create_tablepesanan_table.php
> git ls-files --stage -- /home/ubuntu/laravel/src/database/migrations/2020_12_11_105535_create_tablepesanan_table.php
> git show --textconv :src/database/migrations/2020_12_15_015848_create_pembelian_table.php
> git ls-files --stage -- /home/ubuntu/laravel/src/database/migrations/2020_12_15_015848_create_pembelian_table.php
> git show --textconv :src/database/migrations/2020_12_11_105535_create_tablepesanan_table.php
> git ls-files --stage -- /home/ubuntu/laravel/src/database/migrations/2020_12_11_105535_create_tablepesanan_table.php
> git show --textconv :src/database/migrations/2020_12_15_015848_create_pembelian_table.php
> git ls-files --stage -- /home/ubuntu/laravel/src/database/migrations/2020_12_15_015848_create_pembelian_table.php
> git show --textconv :src/database/migrations/2020_12_11_104322_create_tablesupplier_table.php
> git ls-files --stage -- /home/ubuntu/laravel/src/database/migrations/2020_12_11_104322_create_tablesupplier_table.php
> git show --textconv :src/database/migrations/2020_12_11_103227_create_tablestock_table.php
> git ls-files --stage -- /home/ubuntu/laravel/src/database/migrations/2020_12_11_103227_create_tablestock_table.php
> git show --textconv :src/database/migrations/2020_12_15_015848_create_pembelian_table.php
> git ls-files --stage -- /home/ubuntu/laravel/src/database/migrations/2020_12_15_015848_create_pembelian_table.php
> git show --textconv :src/database/migrations/2020_12_11_110421_create_tablekoki_table.php
> git ls-files --stage -- /home/ubuntu/laravel/src/database/migrations/2020_12_11_110421_create_tablekoki_table.php
> git show --textconv :src/database/migrations/2020_12_15_015848_create_pembelian_table.php
> git ls-files --stage -- /home/ubuntu/laravel/src/database/migrations/2020_12_15_015848_create_pembelian_table.php
> git show --textconv :src/database/migrations/2020_12_11_104322_create_tablesupplier_table.php
> git ls-files --stage -- /home/ubuntu/laravel/src/database/migrations/2020_12_11_104322_create_tablesupplier_table.php
> git show --textconv :src/database/migrations/2020_12_15_015848_create_pembelian_table.php
> git ls-files --stage -- /home/ubuntu/laravel/src/database/migrations/2020_12_15_015848_create_pembelian_table.php
> git show --textconv :src/database/migrations/2020_12_11_104322_create_tablesupplier_table.php
> git ls-files --stage -- /home/ubuntu/laravel/src/database/migrations/2020_12_11_104322_create_tablesupplier_table.php
> git show --textconv :src/database/migrations/2020_12_11_110421_create_tablekoki_table.php
> git ls-files --stage -- /home/ubuntu/laravel/src/database/migrations/2020_12_11_110421_create_tablekoki_table.php
> git show --textconv :src/database/migrations/2020_12_15_015848_create_pembelian_table.php
> git ls-files --stage -- /home/ubuntu/laravel/src/database/migrations/2020_12_15_015848_create_pembelian_table.php
> git check-ignore -v -z --stdin
> git check-ignore -v -z --stdin
> git show --textconv :src/database/migrations/2020_12_15_015848_create_tablepembelian_table.php
> git ls-files --stage -- /home/ubuntu/laravel/src/database/migrations/2020_12_15_015848_create_tablepembelian_table.php
> git show --textconv :src/database/migrations/2020_12_11_104322_create_tablesupplier_table.php
> git ls-files --stage -- /home/ubuntu/laravel/src/database/migrations/2020_12_11_104322_create_tablesupplier_table.php
> git show --textconv :src/database/migrations/2020_12_15_015848_create_tablepembelian_table.php
> git ls-files --stage -- /home/ubuntu/laravel/src/database/migrations/2020_12_15_015848_create_tablepembelian_table.php
> git show --textconv :src/database/migrations/2020_12_11_105535_create_tablepesanan_table.php
> git ls-files --stage -- /home/ubuntu/laravel/src/database/migrations/2020_12_11_105535_create_tablepesanan_table.php
> git show --textconv :src/database/migrations/2020_12_15_015848_create_tablepembelian_table.php
> git ls-files --stage -- /home/ubuntu/laravel/src/database/migrations/2020_12_15_015848_create_tablepembelian_table.php
> git show --textconv :src/database/migrations/2020_12_11_103227_create_tablestock_table.php
> git ls-files --stage -- /home/ubuntu/laravel/src/database/migrations/2020_12_11_103227_create_tablestock_table.php
> git show --textconv :src/database/migrations/2020_12_15_015848_create_tablepembelian_table.php
> git ls-files --stage -- /home/ubuntu/laravel/src/database/migrations/2020_12_15_015848_create_tablepembelian_table.php
> git show --textconv :src/database/migrations/2020_12_11_104322_create_tablesupplier_table.php
> git ls-files --stage -- /home/ubuntu/laravel/src/database/migrations/2020_12_11_104322_create_tablesupplier_table.php
> git show --textconv :src/database/migrations/2020_12_15_015848_create_tablepembelian_table.php
> git ls-files --stage -- /home/ubuntu/laravel/src/database/migrations/2020_12_15_015848_create_tablepembelian_table.php
> git show --textconv :src/database/migrations/2020_12_11_104322_create_tablesupplier_table.php
> git ls-files --stage -- /home/ubuntu/laravel/src/database/migrations/2020_12_11_104322_create_tablesupplier_table.php
> git show --textconv :src/database/migrations/2020_12_11_103227_create_tablestock_table.php
> git ls-files --stage -- /home/ubuntu/laravel/src/database/migrations/2020_12_11_103227_create_tablestock_table.php
> git show --textconv :src/database/migrations/2020_12_11_104322_create_tablesupplier_table.php
> git ls-files --stage -- /home/ubuntu/laravel/src/database/migrations/2020_12_11_104322_create_tablesupplier_table.php
> git check-ignore -v -z --stdin
> git show --textconv :src/database/migrations/2020_12_15_022406_create_tablepembelian_table.php
> git ls-files --stage -- /home/ubuntu/laravel/src/database/migrations/2020_12_15_022406_create_tablepembelian_table.php
> git show --textconv :src/database/migrations/2020_12_11_104322_create_tablesupplier_table.php
> git ls-files --stage -- /home/ubuntu/laravel/src/database/migrations/2020_12_11_104322_create_tablesupplier_table.php
> git show --textconv :src/database/migrations/2020_12_15_022406_create_tablepembelian_table.php
> git ls-files --stage -- /home/ubuntu/laravel/src/database/migrations/2020_12_15_022406_create_tablepembelian_table.php
> git show --textconv :src/database/migrations/2020_12_11_104322_create_tablesupplier_table.php
> git ls-files --stage -- /home/ubuntu/laravel/src/database/migrations/2020_12_11_104322_create_tablesupplier_table.php
> git show --textconv :src/database/migrations/2020_12_15_022406_create_tablepembelian_table.php
> git ls-files --stage -- /home/ubuntu/laravel/src/database/migrations/2020_12_15_022406_create_tablepembelian_table.php
> git show --textconv :src/database/migrations/2020_12_11_104322_create_tablesupplier_table.php
> git ls-files --stage -- /home/ubuntu/laravel/src/database/migrations/2020_12_11_104322_create_tablesupplier_table.php
> git show --textconv :src/database/migrations/2014_10_12_000000_create_users_table.php
> git ls-files --stage -- /home/ubuntu/laravel/src/database/migrations/2014_10_12_000000_create_users_table.php
> git show --textconv :src/database/migrations/2020_12_10_022519_create_tablemenu_table.php
> git ls-files --stage -- /home/ubuntu/laravel/src/database/migrations/2020_12_10_022519_create_tablemenu_table.php
> git check-ignore -v -z --stdin
> git check-ignore -v -z --stdin
> git check-ignore -v -z --stdin
> git check-ignore -v -z --stdin
> git show --textconv :src/resources/views/menu.blade.php
> git ls-files --stage -- /home/ubuntu/laravel/src/resources/views/menu.blade.php
> git show --textconv :src/resources/views/home.blade.php
> git ls-files --stage -- /home/ubuntu/laravel/src/resources/views/home.blade.php
> git show --textconv :src/resources/views/menu.blade.php
> git ls-files --stage -- /home/ubuntu/laravel/src/resources/views/menu.blade.php
> git show --textconv :src/resources/views/home.blade.php
> git ls-files --stage -- /home/ubuntu/laravel/src/resources/views/home.blade.php
> git show --textconv :src/resources/views/welcome.blade.php
> git ls-files --stage -- /home/ubuntu/laravel/src/resources/views/welcome.blade.php
> git show --textconv :src/resources/views/home.blade.php
> git ls-files --stage -- /home/ubuntu/laravel/src/resources/views/home.blade.php
> git show --textconv :src/resources/views/layouts/app2.blade.php
> git ls-files --stage -- /home/ubuntu/laravel/src/resources/views/layouts/app2.blade.php
> git check-ignore -v -z --stdin
> git check-ignore -v -z --stdin
> git show --textconv :src/resources/views/stock.blade.php
> git ls-files --stage -- /home/ubuntu/laravel/src/resources/views/stock.blade.php
> git check-ignore -v -z --stdin
> git show --textconv :src/resources/views/supplier.blade.php
> git ls-files --stage -- /home/ubuntu/laravel/src/resources/views/supplier.blade.php
> git check-ignore -v -z --stdin
> git show --textconv :src/resources/views/pembelian.blade.php
> git ls-files --stage -- /home/ubuntu/laravel/src/resources/views/pembelian.blade.php
> git show --textconv :src/resources/views/layouts/app2.blade.php
> git ls-files --stage -- /home/ubuntu/laravel/src/resources/views/layouts/app2.blade.php
> git show --textconv :src/routes/web.php
> git ls-files --stage -- /home/ubuntu/laravel/src/routes/web.php
> git show --textconv :src/resources/views/pembelian.blade.php
> git ls-files --stage -- /home/ubuntu/laravel/src/resources/views/pembelian.blade.php
> git log --format=%H%n%aN%n%aE%n%at%n%ct%n%P%n%B -z -n21 -- /home/ubuntu/laravel/src/resources/views/pembelian.blade.php
> git show --textconv :src/resources/views/stock.blade.php
> git ls-files --stage -- /home/ubuntu/laravel/src/resources/views/stock.blade.php
> git show --textconv :src/resources/views/supplier.blade.php
> git ls-files --stage -- /home/ubuntu/laravel/src/resources/views/supplier.blade.php
> git show --textconv :src/resources/views/pembelian.blade.php
> git ls-files --stage -- /home/ubuntu/laravel/src/resources/views/pembelian.blade.php
> git show --textconv :src/routes/web.php
> git ls-files --stage -- /home/ubuntu/laravel/src/routes/web.php
> git show --textconv :src/resources/views/layouts/app2.blade.php
> git ls-files --stage -- /home/ubuntu/laravel/src/resources/views/layouts/app2.blade.php
> git show --textconv :src/database/migrations/2020_12_10_022519_create_tablemenu_table.php
> git ls-files --stage -- /home/ubuntu/laravel/src/database/migrations/2020_12_10_022519_create_tablemenu_table.php
> git show --textconv :src/database/migrations/2014_10_12_000000_create_users_table.php
> git ls-files --stage -- /home/ubuntu/laravel/src/database/migrations/2014_10_12_000000_create_users_table.php
> git show --textconv :src/database/migrations/2020_12_11_110421_create_tablekoki_table.php
> git ls-files --stage -- /home/ubuntu/laravel/src/database/migrations/2020_12_11_110421_create_tablekoki_table.php
> git show --textconv :src/database/migrations/2014_10_12_000000_create_users_table.php
> git ls-files --stage -- /home/ubuntu/laravel/src/database/migrations/2014_10_12_000000_create_users_table.php
> git show --textconv :src/database/migrations/2020_12_11_105843_create_tablebayar_table.php
> git ls-files --stage -- /home/ubuntu/laravel/src/database/migrations/2020_12_11_105843_create_tablebayar_table.php
> git show --textconv :src/database/migrations/2014_10_12_000000_create_users_table.php
> git ls-files --stage -- /home/ubuntu/laravel/src/database/migrations/2014_10_12_000000_create_users_table.php
> git show --textconv :src/database/migrations/2020_12_11_103227_create_tablestock_table.php
> git ls-files --stage -- /home/ubuntu/laravel/src/database/migrations/2020_12_11_103227_create_tablestock_table.php
> git show --textconv :src/resources/views/stock.blade.php
> git ls-files --stage -- /home/ubuntu/laravel/src/resources/views/stock.blade.php
> git show --textconv :src/resources/views/menu.blade.php
> git ls-files --stage -- /home/ubuntu/laravel/src/resources/views/menu.blade.php
> git show --textconv :src/resources/views/stock.blade.php
> git ls-files --stage -- /home/ubuntu/laravel/src/resources/views/stock.blade.php
> git show --textconv :src/resources/views/supplier.blade.php
> git ls-files --stage -- /home/ubuntu/laravel/src/resources/views/supplier.blade.php
> git check-ignore -v -z --stdin
> git show --textconv :src/database/migrations/2020_12_11_104322_create_tablesupplier_table.php
> git ls-files --stage -- /home/ubuntu/laravel/src/database/migrations/2020_12_11_104322_create_tablesupplier_table.php
> git show --textconv :src/resources/views/supplier.blade.php
> git ls-files --stage -- /home/ubuntu/laravel/src/resources/views/supplier.blade.php
> git show --textconv :src/resources/views/stock.blade.php
> git ls-files --stage -- /home/ubuntu/laravel/src/resources/views/stock.blade.php
> git show --textconv :src/resources/views/supplier.blade.php
> git ls-files --stage -- /home/ubuntu/laravel/src/resources/views/supplier.blade.php
> git show --textconv :src/resources/views/pembelian.blade.php
> git ls-files --stage -- /home/ubuntu/laravel/src/resources/views/pembelian.blade.php
> git show --textconv :src/resources/views/supplier.blade.php
> git ls-files --stage -- /home/ubuntu/laravel/src/resources/views/supplier.blade.php
> git show --textconv :src/resources/views/pembelian.blade.php
> git ls-files --stage -- /home/ubuntu/laravel/src/resources/views/pembelian.blade.php
> git show --textconv :src/resources/views/supplier.blade.php
> git ls-files --stage -- /home/ubuntu/laravel/src/resources/views/supplier.blade.php
> git show --textconv :src/resources/views/stock.blade.php
> git ls-files --stage -- /home/ubuntu/laravel/src/resources/views/stock.blade.php
> git show --textconv :src/resources/views/pembelian.blade.php
> git ls-files --stage -- /home/ubuntu/laravel/src/resources/views/pembelian.blade.php
> git show --textconv :src/resources/views/supplier.blade.php
> git ls-files --stage -- /home/ubuntu/laravel/src/resources/views/supplier.blade.php
> git show --textconv :src/resources/views/stock.blade.php
> git ls-files --stage -- /home/ubuntu/laravel/src/resources/views/stock.blade.php
> git show --textconv :src/resources/views/supplier.blade.php
> git ls-files --stage -- /home/ubuntu/laravel/src/resources/views/supplier.blade.php
> git show --textconv :src/database/migrations/2020_12_11_104322_create_tablesupplier_table.php
> git ls-files --stage -- /home/ubuntu/laravel/src/database/migrations/2020_12_11_104322_create_tablesupplier_table.php
> git show --textconv :src/database/migrations/2020_12_15_022406_create_tablepembelian_table.php
> git ls-files --stage -- /home/ubuntu/laravel/src/database/migrations/2020_12_15_022406_create_tablepembelian_table.php
