Looking for git in: git
Using git 2.25.1 from git
> git rev-parse --git-dir
Open repository: /home/ubuntu/laravel
> git status -z -u
> git symbolic-ref --short HEAD
> git rev-parse master
> git rev-parse --symbolic-full-name master@{u}
> git rev-list --left-right master...refs/remotes/origin/master
> git for-each-ref --sort -committerdate --format %(refname) %(objectname) %(*objectname)
> git remote --verbose
Warning: Failed to watch ref '/home/ubuntu/laravel/.git/refs/remotes/origin/master', is most likely packed.
> git config --get commit.template
> git check-ignore -v -z --stdin
> git show --textconv :docker-compose.yml
> git ls-files --stage -- /home/ubuntu/laravel/docker-compose.yml
> git cat-file -s 66f7e4025d1f7b3c0ec0e04859492c05de4d4394
> git check-ignore -v -z --stdin
> git check-ignore -v -z --stdin
> git check-ignore -v -z --stdin
> git check-ignore -v -z --stdin
> git show --textconv :src/database/migrations/2020_12_10_022519_create_tablemenu_table.php
> git ls-files --stage -- /home/ubuntu/laravel/src/database/migrations/2020_12_10_022519_create_tablemenu_table.php
> git check-ignore -v -z --stdin
> git show --textconv :src/database/migrations/2020_12_20_052432_create_tblkasir_table.php
> git ls-files --stage -- /home/ubuntu/laravel/src/database/migrations/2020_12_20_052432_create_tblkasir_table.php
> git check-ignore -v -z --stdin
> git show --textconv :src/database/migrations/2020_12_20_052843_create_tblmenu_table.php
> git ls-files --stage -- /home/ubuntu/laravel/src/database/migrations/2020_12_20_052843_create_tblmenu_table.php
> git show --textconv :src/database/migrations/2020_12_20_052432_create_tblkasir_table.php
> git ls-files --stage -- /home/ubuntu/laravel/src/database/migrations/2020_12_20_052432_create_tblkasir_table.php
> git show --textconv :src/database/migrations/2020_12_20_052843_create_tblmenu_table.php
> git ls-files --stage -- /home/ubuntu/laravel/src/database/migrations/2020_12_20_052843_create_tblmenu_table.php
> git show --textconv :src/database/migrations/2020_12_20_052432_create_tblkasir_table.php
> git ls-files --stage -- /home/ubuntu/laravel/src/database/migrations/2020_12_20_052432_create_tblkasir_table.php
> git show --textconv :src/database/migrations/2020_12_20_052843_create_tblmenu_table.php
> git ls-files --stage -- /home/ubuntu/laravel/src/database/migrations/2020_12_20_052843_create_tblmenu_table.php
> git show --textconv :src/database/migrations/2020_12_20_052432_create_tblkasir_table.php
> git ls-files --stage -- /home/ubuntu/laravel/src/database/migrations/2020_12_20_052432_create_tblkasir_table.php
> git show --textconv :src/database/migrations/2020_12_20_052843_create_tblmenu_table.php
> git ls-files --stage -- /home/ubuntu/laravel/src/database/migrations/2020_12_20_052843_create_tblmenu_table.php
> git check-ignore -v -z --stdin
> git show --textconv :src/database/migrations/2020_12_20_053136_create_tbldiolah_table.php
> git ls-files --stage -- /home/ubuntu/laravel/src/database/migrations/2020_12_20_053136_create_tbldiolah_table.php
> git show --textconv :src/database/migrations/2020_12_20_052843_create_tblmenu_table.php
> git ls-files --stage -- /home/ubuntu/laravel/src/database/migrations/2020_12_20_052843_create_tblmenu_table.php
> git show --textconv :src/database/migrations/2020_12_20_053136_create_tbldiolah_table.php
> git ls-files --stage -- /home/ubuntu/laravel/src/database/migrations/2020_12_20_053136_create_tbldiolah_table.php
> git show --textconv :src/database/migrations/2020_12_20_052843_create_tblmenu_table.php
> git ls-files --stage -- /home/ubuntu/laravel/src/database/migrations/2020_12_20_052843_create_tblmenu_table.php
> git show --textconv :src/database/migrations/2020_12_20_052432_create_tblkasir_table.php
> git ls-files --stage -- /home/ubuntu/laravel/src/database/migrations/2020_12_20_052432_create_tblkasir_table.php
> git show --textconv :src/database/migrations/2020_12_20_052843_create_tblmenu_table.php
> git ls-files --stage -- /home/ubuntu/laravel/src/database/migrations/2020_12_20_052843_create_tblmenu_table.php
> git show --textconv :src/database/migrations/2020_12_20_053136_create_tbldiolah_table.php
> git ls-files --stage -- /home/ubuntu/laravel/src/database/migrations/2020_12_20_053136_create_tbldiolah_table.php
> git show --textconv :src/database/migrations/2020_12_20_052843_create_tblmenu_table.php
> git ls-files --stage -- /home/ubuntu/laravel/src/database/migrations/2020_12_20_052843_create_tblmenu_table.php
> git show --textconv :src/database/migrations/2020_12_20_053136_create_tbldiolah_table.php
> git ls-files --stage -- /home/ubuntu/laravel/src/database/migrations/2020_12_20_053136_create_tbldiolah_table.php
> git check-ignore -v -z --stdin
> git show --textconv :src/database/migrations/2020_12_20_053632_create_tblkoki_table.php
> git ls-files --stage -- /home/ubuntu/laravel/src/database/migrations/2020_12_20_053632_create_tblkoki_table.php
> git show --textconv :src/database/migrations/2020_12_20_053136_create_tbldiolah_table.php
> git ls-files --stage -- /home/ubuntu/laravel/src/database/migrations/2020_12_20_053136_create_tbldiolah_table.php
> git show --textconv :src/database/migrations/2020_12_20_052843_create_tblmenu_table.php
> git ls-files --stage -- /home/ubuntu/laravel/src/database/migrations/2020_12_20_052843_create_tblmenu_table.php
> git show --textconv :src/database/migrations/2020_12_20_053632_create_tblkoki_table.php
> git ls-files --stage -- /home/ubuntu/laravel/src/database/migrations/2020_12_20_053632_create_tblkoki_table.php
> git show --textconv :src/database/migrations/2020_12_20_052843_create_tblmenu_table.php
> git ls-files --stage -- /home/ubuntu/laravel/src/database/migrations/2020_12_20_052843_create_tblmenu_table.php
> git show --textconv :src/database/migrations/2020_12_20_053632_create_tblkoki_table.php
> git ls-files --stage -- /home/ubuntu/laravel/src/database/migrations/2020_12_20_053632_create_tblkoki_table.php
> git show --textconv :src/database/migrations/2020_12_20_052843_create_tblmenu_table.php
> git ls-files --stage -- /home/ubuntu/laravel/src/database/migrations/2020_12_20_052843_create_tblmenu_table.php
> git show --textconv :src/database/migrations/2020_12_20_053632_create_tblkoki_table.php
> git ls-files --stage -- /home/ubuntu/laravel/src/database/migrations/2020_12_20_053632_create_tblkoki_table.php
> git show --textconv :src/database/migrations/2020_12_20_052843_create_tblmenu_table.php
> git ls-files --stage -- /home/ubuntu/laravel/src/database/migrations/2020_12_20_052843_create_tblmenu_table.php
> git show --textconv :src/database/migrations/2020_12_20_053632_create_tblkoki_table.php
> git ls-files --stage -- /home/ubuntu/laravel/src/database/migrations/2020_12_20_053632_create_tblkoki_table.php
> git show --textconv :src/database/migrations/2020_12_20_053136_create_tbldiolah_table.php
> git ls-files --stage -- /home/ubuntu/laravel/src/database/migrations/2020_12_20_053136_create_tbldiolah_table.php
> git show --textconv :src/database/migrations/2020_12_20_053632_create_tblkoki_table.php
> git ls-files --stage -- /home/ubuntu/laravel/src/database/migrations/2020_12_20_053632_create_tblkoki_table.php
> git show --textconv :src/database/migrations/2020_12_20_053136_create_tbldiolah_table.php
> git ls-files --stage -- /home/ubuntu/laravel/src/database/migrations/2020_12_20_053136_create_tbldiolah_table.php
> git show --textconv :src/database/migrations/2020_12_20_053632_create_tblkoki_table.php
> git ls-files --stage -- /home/ubuntu/laravel/src/database/migrations/2020_12_20_053632_create_tblkoki_table.php
> git show --textconv :src/database/migrations/2020_12_20_053136_create_tbldiolah_table.php
> git ls-files --stage -- /home/ubuntu/laravel/src/database/migrations/2020_12_20_053136_create_tbldiolah_table.php
> git check-ignore -v -z --stdin
> git show --textconv :src/database/migrations/2020_12_20_054226_create_tblbahanmakanan_table.php
> git ls-files --stage -- /home/ubuntu/laravel/src/database/migrations/2020_12_20_054226_create_tblbahanmakanan_table.php
> git show --textconv :src/database/migrations/2020_12_20_053632_create_tblkoki_table.php
> git ls-files --stage -- /home/ubuntu/laravel/src/database/migrations/2020_12_20_053632_create_tblkoki_table.php
> git show --textconv :src/database/migrations/2020_12_20_054226_create_tblbahanmakanan_table.php
> git ls-files --stage -- /home/ubuntu/laravel/src/database/migrations/2020_12_20_054226_create_tblbahanmakanan_table.php
> git show --textconv :src/database/migrations/2020_12_20_052432_create_tblkasir_table.php
> git ls-files --stage -- /home/ubuntu/laravel/src/database/migrations/2020_12_20_052432_create_tblkasir_table.php
> git show --textconv :src/database/migrations/2020_12_20_052843_create_tblmenu_table.php
> git ls-files --stage -- /home/ubuntu/laravel/src/database/migrations/2020_12_20_052843_create_tblmenu_table.php
> git show --textconv :src/database/migrations/2020_12_20_052432_create_tblkasir_table.php
> git ls-files --stage -- /home/ubuntu/laravel/src/database/migrations/2020_12_20_052432_create_tblkasir_table.php
> git show --textconv :src/database/migrations/2020_12_20_052843_create_tblmenu_table.php
> git ls-files --stage -- /home/ubuntu/laravel/src/database/migrations/2020_12_20_052843_create_tblmenu_table.php
> git show --textconv :src/database/migrations/2020_12_20_053136_create_tbldiolah_table.php
> git ls-files --stage -- /home/ubuntu/laravel/src/database/migrations/2020_12_20_053136_create_tbldiolah_table.php
> git show --textconv :src/database/migrations/2020_12_20_053632_create_tblkoki_table.php
> git ls-files --stage -- /home/ubuntu/laravel/src/database/migrations/2020_12_20_053632_create_tblkoki_table.php
> git show --textconv :src/database/migrations/2020_12_20_054226_create_tblbahanmakanan_table.php
> git ls-files --stage -- /home/ubuntu/laravel/src/database/migrations/2020_12_20_054226_create_tblbahanmakanan_table.php
> git check-ignore -v -z --stdin
> git show --textconv :src/database/migrations/2020_12_20_054507_create_tblmenyuplai_table.php
> git ls-files --stage -- /home/ubuntu/laravel/src/database/migrations/2020_12_20_054507_create_tblmenyuplai_table.php
> git check-ignore -v -z --stdin
> git show --textconv :src/database/migrations/2020_12_20_054724_create_tblsupplier_table.php
> git ls-files --stage -- /home/ubuntu/laravel/src/database/migrations/2020_12_20_054724_create_tblsupplier_table.php
> git show --textconv :src/database/migrations/2020_12_20_054507_create_tblmenyuplai_table.php
> git ls-files --stage -- /home/ubuntu/laravel/src/database/migrations/2020_12_20_054507_create_tblmenyuplai_table.php
> git show --textconv :src/database/migrations/2020_12_20_054724_create_tblsupplier_table.php
> git ls-files --stage -- /home/ubuntu/laravel/src/database/migrations/2020_12_20_054724_create_tblsupplier_table.php
> git check-ignore -v -z --stdin
> git show --textconv :src/database/migrations/2020_12_20_054850_create_tblpelanggan_table.php
> git ls-files --stage -- /home/ubuntu/laravel/src/database/migrations/2020_12_20_054850_create_tblpelanggan_table.php
> git show --textconv :src/database/migrations/2020_12_20_052432_create_tblkasir_table.php
> git ls-files --stage -- /home/ubuntu/laravel/src/database/migrations/2020_12_20_052432_create_tblkasir_table.php
> git show --textconv :src/database/migrations/2020_12_20_054850_create_tblpelanggan_table.php
> git ls-files --stage -- /home/ubuntu/laravel/src/database/migrations/2020_12_20_054850_create_tblpelanggan_table.php
> git show --textconv :src/database/migrations/2020_12_20_052432_create_tblkasir_table.php
> git ls-files --stage -- /home/ubuntu/laravel/src/database/migrations/2020_12_20_052432_create_tblkasir_table.php
> git show --textconv :src/database/migrations/2020_12_20_053136_create_tbldiolah_table.php
> git ls-files --stage -- /home/ubuntu/laravel/src/database/migrations/2020_12_20_053136_create_tbldiolah_table.php
> git show --textconv :src/database/migrations/2020_12_15_022406_create_tablepembelian_table.php
> git ls-files --stage -- /home/ubuntu/laravel/src/database/migrations/2020_12_15_022406_create_tablepembelian_table.php
> git show --textconv :src/database/migrations/2020_12_15_022406_create_tablepembelian_table.php
> git ls-files --stage -- /home/ubuntu/laravel/src/database/migrations/2020_12_15_022406_create_tablepembelian_table.php
> git show --textconv :src/database/migrations/2020_12_20_052432_create_tblkasir_table.php
> git ls-files --stage -- /home/ubuntu/laravel/src/database/migrations/2020_12_20_052432_create_tblkasir_table.php
> git show --textconv :src/database/migrations/2020_12_20_054850_create_tblpelanggan_table.php
> git ls-files --stage -- /home/ubuntu/laravel/src/database/migrations/2020_12_20_054850_create_tblpelanggan_table.php
> git check-ignore -v -z --stdin
> git show --textconv :src/database/migrations/2020_12_20_055254_create_tblmemesan_table.php
> git ls-files --stage -- /home/ubuntu/laravel/src/database/migrations/2020_12_20_055254_create_tblmemesan_table.php
> git show --textconv :src/database/migrations/2020_12_20_054850_create_tblpelanggan_table.php
> git ls-files --stage -- /home/ubuntu/laravel/src/database/migrations/2020_12_20_054850_create_tblpelanggan_table.php
> git show --textconv :src/database/migrations/2020_12_20_054724_create_tblsupplier_table.php
> git ls-files --stage -- /home/ubuntu/laravel/src/database/migrations/2020_12_20_054724_create_tblsupplier_table.php
> git show --textconv :src/database/migrations/2020_12_20_055254_create_tblmemesan_table.php
> git ls-files --stage -- /home/ubuntu/laravel/src/database/migrations/2020_12_20_055254_create_tblmemesan_table.php
> git show --textconv :src/database/migrations/2020_12_20_054507_create_tblmenyuplai_table.php
> git ls-files --stage -- /home/ubuntu/laravel/src/database/migrations/2020_12_20_054507_create_tblmenyuplai_table.php
> git show --textconv :src/database/migrations/2020_12_20_054724_create_tblsupplier_table.php
> git ls-files --stage -- /home/ubuntu/laravel/src/database/migrations/2020_12_20_054724_create_tblsupplier_table.php
> git show --textconv :src/database/migrations/2020_12_20_054850_create_tblpelanggan_table.php
> git ls-files --stage -- /home/ubuntu/laravel/src/database/migrations/2020_12_20_054850_create_tblpelanggan_table.php
> git show --textconv :src/database/migrations/2020_12_20_055254_create_tblmemesan_table.php
> git ls-files --stage -- /home/ubuntu/laravel/src/database/migrations/2020_12_20_055254_create_tblmemesan_table.php
> git check-ignore -v -z --stdin
> git check-ignore -v -z --stdin
> git check-ignore -v -z --stdin
> git check-ignore -v -z --stdin
> git check-ignore -v -z --stdin
> git show --textconv :src/resources/views/welcome.blade.php
> git ls-files --stage -- /home/ubuntu/laravel/src/resources/views/welcome.blade.php
> git check-ignore -v -z --stdin
> git check-ignore -v -z --stdin
> git check-ignore -v -z --stdin
> git show --textconv :src/resources/views/welcome.blade.php
> git ls-files --stage -- /home/ubuntu/laravel/src/resources/views/welcome.blade.php
> git log --format=%H%n%aN%n%aE%n%at%n%ct%n%P%n%B -z -n21 -- /home/ubuntu/laravel/src/public/images/Man-Rock-Singer-Pop-Street-Graffiti-Art-Canvas-Painting-Cuadros-Posters-Prints-Wall-Art-for-Living.jpg_640x640.jpg
> git check-ignore -v -z --stdin
> git show --textconv :src/resources/views/welcome.blade.php
> git ls-files --stage -- /home/ubuntu/laravel/src/resources/views/welcome.blade.php
> git check-ignore -v -z --stdin
> git show --textconv :src/resources/views/welcome.blade.php
> git ls-files --stage -- /home/ubuntu/laravel/src/resources/views/welcome.blade.php
> git check-ignore -v -z --stdin
> git show --textconv :src/resources/views/welcome.blade.php
> git ls-files --stage -- /home/ubuntu/laravel/src/resources/views/welcome.blade.php
> git show --textconv :src/routes/web.php
> git ls-files --stage -- /home/ubuntu/laravel/src/routes/web.php
> git check-ignore -v -z --stdin
> git check-ignore -v -z --stdin
> git check-ignore -v -z --stdin
> git show --textconv :src/app/Http/Controllers/HomeControllers.php
> git ls-files --stage -- /home/ubuntu/laravel/src/app/Http/Controllers/HomeControllers.php
> git show --textconv :src/app/Http/Controllers/HomeController.php
> git ls-files --stage -- /home/ubuntu/laravel/src/app/Http/Controllers/HomeController.php
> git show --textconv :src/routes/web.php
> git ls-files --stage -- /home/ubuntu/laravel/src/routes/web.php
> git show --textconv :src/resources/views/home.blade.php
> git ls-files --stage -- /home/ubuntu/laravel/src/resources/views/home.blade.php
> git show --textconv :src/resources/views/menu.blade.php
> git ls-files --stage -- /home/ubuntu/laravel/src/resources/views/menu.blade.php
> git show --textconv :src/resources/views/home.blade.php
> git ls-files --stage -- /home/ubuntu/laravel/src/resources/views/home.blade.php
> git show --textconv :src/resources/views/href.blade.php
> git ls-files --stage -- /home/ubuntu/laravel/src/resources/views/href.blade.php
> git show --textconv :src/resources/views/home.blade.php
> git ls-files --stage -- /home/ubuntu/laravel/src/resources/views/home.blade.php
> git check-ignore -v -z --stdin
> git show --textconv :src/resources/views/layouts/app2.blade.php
> git ls-files --stage -- /home/ubuntu/laravel/src/resources/views/layouts/app2.blade.php
> git show --textconv :src/resources/views/menu.blade.php
> git ls-files --stage -- /home/ubuntu/laravel/src/resources/views/menu.blade.php
> git show --textconv :src/resources/views/layouts/app2.blade.php
> git ls-files --stage -- /home/ubuntu/laravel/src/resources/views/layouts/app2.blade.php
> git show --textconv :src/app/Http/Controllers/HomeController.php
> git ls-files --stage -- /home/ubuntu/laravel/src/app/Http/Controllers/HomeController.php
> git show --textconv :src/database/migrations/2020_12_20_053632_create_tblkoki_table.php
> git ls-files --stage -- /home/ubuntu/laravel/src/database/migrations/2020_12_20_053632_create_tblkoki_table.php
> git show --textconv :src/resources/views/pembelian.blade.php
> git ls-files --stage -- /home/ubuntu/laravel/src/resources/views/pembelian.blade.php
> git show --textconv :src/resources/views/home.blade.php
> git ls-files --stage -- /home/ubuntu/laravel/src/resources/views/home.blade.php
> git check-ignore -v -z --stdin
> git show --textconv :src/resources/views/staff.blade.php
> git ls-files --stage -- /home/ubuntu/laravel/src/resources/views/staff.blade.php
> git show --textconv :src/resources/views/home.blade.php
> git ls-files --stage -- /home/ubuntu/laravel/src/resources/views/home.blade.php
> git show --textconv :src/resources/views/staff.blade.php
> git ls-files --stage -- /home/ubuntu/laravel/src/resources/views/staff.blade.php
> git show --textconv :src/resources/views/layouts/app2.blade.php
> git ls-files --stage -- /home/ubuntu/laravel/src/resources/views/layouts/app2.blade.php
> git show --textconv :src/routes/web.php
> git ls-files --stage -- /home/ubuntu/laravel/src/routes/web.php
> git show --textconv :src/resources/views/staff.blade.php
> git ls-files --stage -- /home/ubuntu/laravel/src/resources/views/staff.blade.php
> git show --textconv :src/routes/web.php
> git ls-files --stage -- /home/ubuntu/laravel/src/routes/web.php
> git show --textconv :src/resources/views/layouts/app2.blade.php
> git ls-files --stage -- /home/ubuntu/laravel/src/resources/views/layouts/app2.blade.php
> git show --textconv :src/resources/views/home.blade.php
> git ls-files --stage -- /home/ubuntu/laravel/src/resources/views/home.blade.php
> git show --textconv :src/resources/views/pesanan.blade.php
> git ls-files --stage -- /home/ubuntu/laravel/src/resources/views/pesanan.blade.php
> git show --textconv :src/resources/views/home.blade.php
> git ls-files --stage -- /home/ubuntu/laravel/src/resources/views/home.blade.php
> git show --textconv :src/resources/views/pesanan.blade.php
> git ls-files --stage -- /home/ubuntu/laravel/src/resources/views/pesanan.blade.php
> git show --textconv :src/routes/web.php
> git ls-files --stage -- /home/ubuntu/laravel/src/routes/web.php
> git show --textconv :src/resources/views/transaksi.blade.php
> git ls-files --stage -- /home/ubuntu/laravel/src/resources/views/transaksi.blade.php
> git show --textconv :src/resources/views/stock.blade.php
> git ls-files --stage -- /home/ubuntu/laravel/src/resources/views/stock.blade.php
> git show --textconv :src/resources/views/staff.blade.php
> git ls-files --stage -- /home/ubuntu/laravel/src/resources/views/staff.blade.php
> git show --textconv :src/resources/views/supplier.blade.php
> git ls-files --stage -- /home/ubuntu/laravel/src/resources/views/supplier.blade.php
> git show --textconv :src/resources/views/pembelian.blade.php
> git ls-files --stage -- /home/ubuntu/laravel/src/resources/views/pembelian.blade.php
> git show --textconv :src/resources/views/welcome.blade.php
> git ls-files --stage -- /home/ubuntu/laravel/src/resources/views/welcome.blade.php
